<beans xmlns="http://www.springframework.org/schema/beans"
    xmlns:xsi="http://www.w3.org/2001/XMLSchema-instance"
    xmlns:context="http://www.springframework.org/schema/context"
    
    xsi:schemaLocation="
        http://www.springframework.org/schema/beans 
        http://www.springframework.org/schema/beans/spring-beans.xsd
        http://www.springframework.org/schema/context 
        http://www.springframework.org/schema/context/spring-context.xsd
        ">
        
     <context:annotation-config></context:annotation-config>
     
     <context:component-scan base-package="com.simplilearn.controller"></context:component-scan>
    
     <!-- View Resolver -->
    <bean class="org.springframework.web.servlet.view.InternalResourceViewResolver">
        <property name="prefix" value="/WEB-INF/views/" />
        <property name="suffix" value=".jsp" />
    </bean>
     
     <!-- bean definitions here -->
    <bean id="dataSource" class="org.springframework.jdbc.datasource.DriverManagerDataSource">
    	<property name="driverClassName" value="com.mysql.cj.jdbc.Driver"></property>
   		<property name="url" value="jdbc:mysql://localhost:3306/cisco2024"></property>
   		<property name="username" value="root"></property>
   		<property name="password" value="Nikunj@123"></property>
   		
    </bean>
    
    
    <bean id="jdbcTemplate" class="org.springframework.jdbc.core.JdbcTemplate">
    	<property name="dataSource" ref="dataSource"></property>
    </bean>
    
    <bean id="dao" class="com.simplilearn.dao.EproductDao"></bean>
    
</beans>